AutoECO Report
FILE-A: D:\ORCAD_G\PROJET_ORCAD9\HUGO\CARTE WIFI 2011\CARTE WIFI 2011.MAX
FILE-B: D:\ORCAD_G\PROJET_ORCAD9\HUGO\CARTE WIFI 2011\CARTE WIFI 2011.MNL
If "*EOF*" immediately follows, no changes were made
Overriding all component coordinates
Component J17 -- overriding attributes
Component J11 -- overriding attributes
Component J28 -- overriding attributes
Component J6 -- overriding attributes
Component J32 -- overriding attributes
Component J24 -- overriding attributes
Component R2 -- overriding attributes
Component J9 -- overriding attributes
Component R4 -- overriding attributes
Component R1 -- overriding attributes
Component J12 -- overriding attributes
Component J23 -- overriding attributes
Component J18 -- overriding attributes
Component J7 -- overriding attributes
Component J29 -- overriding attributes
Component J16 -- overriding attributes
Component R3 -- overriding attributes
Component J10 -- overriding attributes
Component J22 -- overriding attributes
Component J20 -- overriding attributes
Component C2 -- overriding attributes
Component C1 -- overriding attributes
Component U1 -- overriding attributes
Component J13 -- overriding attributes
Component J14 -- overriding attributes
Component D1 -- overriding attributes
Component J30 -- overriding attributes
Component J21 -- overriding attributes
Component J27 -- overriding attributes
Component J8 -- overriding attributes
Component J31 -- overriding attributes
Component R5 -- overriding attributes
Component J19 -- overriding attributes
Net N15240361 -- overriding attributes
Net RF0 -- overriding attributes
Net RC4 -- overriding attributes
Net RA5 -- overriding attributes
Net RB14 -- overriding attributes
Net RB15 -- overriding attributes
Net RB13 -- overriding attributes
Net RB12 -- overriding attributes
Net RE8 -- overriding attributes
Net RG8 -- overriding attributes
Net RB9 -- overriding attributes
Net RD15 -- overriding attributes
Net RB8 -- overriding attributes
Net RE9 -- overriding attributes
Net RB11 -- overriding attributes
Net RG7 -- overriding attributes
Net RB10 -- overriding attributes
Net RG6 -- overriding attributes
Net 3.3V -- overriding attributes
Net GND -- overriding attributes
Net RD10 -- overriding attributes
Net RD9 -- overriding attributes
Net RD12 -- overriding attributes
Net RD0 -- overriding attributes
Net RD3 -- overriding attributes
Net RD1 -- overriding attributes
Net N1544252 -- overriding attributes
Net 5V_D -- overriding attributes
Net 3.3V_G -- overriding attributes
Net 3.3V_D -- overriding attributes
Net 5V_G -- overriding attributes
Net +VCC -- overriding attributes
Net N1556361 -- overriding attributes
Net RA4 -- overriding attributes
Net RF1 -- overriding attributes
Net RB5 -- overriding attributes
Net RA3 -- overriding attributes
*EOF*
No errors found
